# JRE version: Java(TM) SE Runtime Environment (8.0_144-b01) (build 1.8.0_144-b01)
# Java VM: Java HotSpot(TM) 64-Bit Server VM (25.144-b01 mixed mode windows-amd64 compressed oops)
Heap:
 PSYoungGen      total 258048K, used 4004K [0x00000000eb400000, 0x00000000fbd00000, 0x0000000100000000)
  eden space 244736K, 0% used [0x00000000eb400000,0x00000000eb400000,0x00000000fa300000)
  from space 13312K, 30% used [0x00000000fa300000,0x00000000fa6e9378,0x00000000fb000000)
  to   space 13312K, 0% used [0x00000000fb000000,0x00000000fb000000,0x00000000fbd00000)
 ParOldGen       total 58880K, used 27690K [0x00000000c1c00000, 0x00000000c5580000, 0x00000000eb400000)
  object space 58880K, 47% used [0x00000000c1c00000,0x00000000c370aa98,0x00000000c5580000)
 Metaspace       used 50404K, capacity 52726K, committed 52864K, reserved 1095680K
  class space    used 6765K, capacity 7219K, committed 7296K, reserved 1048576K
GC Heap History (10 events):
Event: 5.775 GC heap after
Heap after GC invocations=14 (full 2):
 PSYoungGen      total 207872K, used 11252K [0x00000000eb400000, 0x00000000f9500000, 0x0000000100000000)
  eden space 196608K, 0% used [0x00000000eb400000,0x00000000eb400000,0x00000000f7400000)
  from space 11264K, 99% used [0x00000000f8a00000,0x00000000f94fd2f0,0x00000000f9500000)
  to   space 12800K, 0% used [0x00000000f7c00000,0x00000000f7c00000,0x00000000f8880000)
 ParOldGen       total 58880K, used 21707K [0x00000000c1c00000, 0x00000000c5580000, 0x00000000eb400000)
  object space 58880K, 36% used [0x00000000c1c00000,0x00000000c3132de0,0x00000000c5580000)
 Metaspace       used 42926K, capacity 44466K, committed 44800K, reserved 1087488K
  class space    used 5735K, capacity 6051K, committed 6144K, reserved 1048576K
}
Event: 15.206 GC heap before
{Heap before GC invocations=15 (full 2):
 PSYoungGen      total 207872K, used 207860K [0x00000000eb400000, 0x00000000f9500000, 0x0000000100000000)
  eden space 196608K, 100% used [0x00000000eb400000,0x00000000f7400000,0x00000000f7400000)
  from space 11264K, 99% used [0x00000000f8a00000,0x00000000f94fd2f0,0x00000000f9500000)
  to   space 12800K, 0% used [0x00000000f7c00000,0x00000000f7c00000,0x00000000f8880000)
 ParOldGen       total 58880K, used 21707K [0x00000000c1c00000, 0x00000000c5580000, 0x00000000eb400000)
  object space 58880K, 36% used [0x00000000c1c00000,0x00000000c3132de0,0x00000000c5580000)
 Metaspace       used 48867K, capacity 50960K, committed 51328K, reserved 1093632K
  class space    used 6543K, capacity 6934K, committed 7040K, reserved 1048576K
Event: 15.227 GC heap after
Heap after GC invocations=15 (full 2):
 PSYoungGen      total 217600K, used 10802K [0x00000000eb400000, 0x00000000fbe00000, 0x0000000100000000)
  eden space 204800K, 0% used [0x00000000eb400000,0x00000000eb400000,0x00000000f7c00000)
  from space 12800K, 84% used [0x00000000f7c00000,0x00000000f868cb68,0x00000000f8880000)
  to   space 13824K, 0% used [0x00000000fb080000,0x00000000fb080000,0x00000000fbe00000)
 ParOldGen       total 58880K, used 26275K [0x00000000c1c00000, 0x00000000c5580000, 0x00000000eb400000)
  object space 58880K, 44% used [0x00000000c1c00000,0x00000000c35a8ec0,0x00000000c5580000)
 Metaspace       used 48867K, capacity 50960K, committed 51328K, reserved 1093632K
  class space    used 6543K, capacity 6934K, committed 7040K, reserved 1048576K
}
Event: 179.017 GC heap before
{Heap before GC invocations=16 (full 2):
 PSYoungGen      total 217600K, used 48314K [0x00000000eb400000, 0x00000000fbe00000, 0x0000000100000000)
  eden space 204800K, 18% used [0x00000000eb400000,0x00000000ed8a1d88,0x00000000f7c00000)
  from space 12800K, 84% used [0x00000000f7c00000,0x00000000f868cb68,0x00000000f8880000)
  to   space 13824K, 0% used [0x00000000fb080000,0x00000000fb080000,0x00000000fbe00000)
 ParOldGen       total 58880K, used 26275K [0x00000000c1c00000, 0x00000000c5580000, 0x00000000eb400000)
  object space 58880K, 44% used [0x00000000c1c00000,0x00000000c35a8ec0,0x00000000c5580000)
 Metaspace       used 50115K, capacity 52278K, committed 52480K, reserved 1095680K
  class space    used 6732K, capacity 7146K, committed 7168K, reserved 1048576K
Event: 179.041 GC heap after
Heap after GC invocations=16 (full 2):
 PSYoungGen      total 257536K, used 7419K [0x00000000eb400000, 0x00000000fbd00000, 0x0000000100000000)
  eden space 244736K, 0% used [0x00000000eb400000,0x00000000eb400000,0x00000000fa300000)
  from space 12800K, 57% used [0x00000000fb080000,0x00000000fb7bec90,0x00000000fbd00000)
  to   space 13312K, 0% used [0x00000000fa300000,0x00000000fa300000,0x00000000fb000000)
 ParOldGen       total 58880K, used 26283K [0x00000000c1c00000, 0x00000000c5580000, 0x00000000eb400000)
  object space 58880K, 44% used [0x00000000c1c00000,0x00000000c35aaec0,0x00000000c5580000)
 Metaspace       used 50115K, capacity 52278K, committed 52480K, reserved 1095680K
  class space    used 6732K, capacity 7146K, committed 7168K, reserved 1048576K
}
Event: 179.041 GC heap before
{Heap before GC invocations=17 (full 3):
 PSYoungGen      total 257536K, used 7419K [0x00000000eb400000, 0x00000000fbd00000, 0x0000000100000000)
  eden space 244736K, 0% used [0x00000000eb400000,0x00000000eb400000,0x00000000fa300000)
  from space 12800K, 57% used [0x00000000fb080000,0x00000000fb7bec90,0x00000000fbd00000)
  to   space 13312K, 0% used [0x00000000fa300000,0x00000000fa300000,0x00000000fb000000)
 ParOldGen       total 58880K, used 26283K [0x00000000c1c00000, 0x00000000c5580000, 0x00000000eb400000)
  object space 58880K, 44% used [0x00000000c1c00000,0x00000000c35aaec0,0x00000000c5580000)
 Metaspace       used 50115K, capacity 52278K, committed 52480K, reserved 1095680K
  class space    used 6732K, capacity 7146K, committed 7168K, reserved 1048576K
Event: 179.269 GC heap after
Heap after GC invocations=17 (full 3):
 PSYoungGen      total 257536K, used 0K [0x00000000eb400000, 0x00000000fbd00000, 0x0000000100000000)
  eden space 244736K, 0% used [0x00000000eb400000,0x00000000eb400000,0x00000000fa300000)
  from space 12800K, 0% used [0x00000000fb080000,0x00000000fb080000,0x00000000fbd00000)
  to   space 13312K, 0% used [0x00000000fa300000,0x00000000fa300000,0x00000000fb000000)
 ParOldGen       total 58880K, used 27682K [0x00000000c1c00000, 0x00000000c5580000, 0x00000000eb400000)
  object space 58880K, 47% used [0x00000000c1c00000,0x00000000c3708a98,0x00000000c5580000)
 Metaspace       used 50111K, capacity 52272K, committed 52480K, reserved 1095680K
  class space    used 6732K, capacity 7145K, committed 7168K, reserved 1048576K
}
Event: 37014.728 GC heap before
{Heap before GC invocations=18 (full 3):
 PSYoungGen      total 257536K, used 241423K [0x00000000eb400000, 0x00000000fbd00000, 0x0000000100000000)
  eden space 244736K, 98% used [0x00000000eb400000,0x00000000f9fc3d30,0x00000000fa300000)
  from space 12800K, 0% used [0x00000000fb080000,0x00000000fb080000,0x00000000fbd00000)
  to   space 13312K, 0% used [0x00000000fa300000,0x00000000fa300000,0x00000000fb000000)
 ParOldGen       total 58880K, used 27682K [0x00000000c1c00000, 0x00000000c5580000, 0x00000000eb400000)
  object space 58880K, 47% used [0x00000000c1c00000,0x00000000c3708a98,0x00000000c5580000)
 Metaspace       used 50404K, capacity 52726K, committed 52864K, reserved 1095680K
  class space    used 6765K, capacity 7219K, committed 7296K, reserved 1048576K
Event: 37014.749 GC heap after
Heap after GC invocations=18 (full 3):
 PSYoungGen      total 258048K, used 4004K [0x00000000eb400000, 0x00000000fbd00000, 0x0000000100000000)
  eden space 244736K, 0% used [0x00000000eb400000,0x00000000eb400000,0x00000000fa300000)
  from space 13312K, 30% used [0x00000000fa300000,0x00000000fa6e9378,0x00000000fb000000)
  to   space 13312K, 0% used [0x00000000fb000000,0x00000000fb000000,0x00000000fbd00000)
 ParOldGen       total 58880K, used 27690K [0x00000000c1c00000, 0x00000000c5580000, 0x00000000eb400000)
  object space 58880K, 47% used [0x00000000c1c00000,0x00000000c370aa98,0x00000000c5580000)
 Metaspace       used 50404K, capacity 52726K, committed 52864K, reserved 1095680K
  class space    used 6765K, capacity 7219K, committed 7296K, reserved 1048576K
}
Event: 37014.749 GC heap before
{Heap before GC invocations=19 (full 4):
 PSYoungGen      total 258048K, used 4004K [0x00000000eb400000, 0x00000000fbd00000, 0x0000000100000000)
  eden space 244736K, 0% used [0x00000000eb400000,0x00000000eb400000,0x00000000fa300000)
  from space 13312K, 30% used [0x00000000fa300000,0x00000000fa6e9378,0x00000000fb000000)
  to   space 13312K, 0% used [0x00000000fb000000,0x00000000fb000000,0x00000000fbd00000)
 ParOldGen       total 58880K, used 27690K [0x00000000c1c00000, 0x00000000c5580000, 0x00000000eb400000)
  object space 58880K, 47% used [0x00000000c1c00000,0x00000000c370aa98,0x00000000c5580000)
 Metaspace       used 50404K, capacity 52726K, committed 52864K, reserved 1095680K
  class space    used 6765K, capacity 7219K, committed 7296K, reserved 1048576K

